{"C:\\Users\\Remar\\-PureFunctions-asj-4.2\\src\\allLifeStrip.js": {"path":"C:\\Users\\Remar\\-PureFunctions-asj-4.2\\src\\allLifeStrip.js","statementMap":{"0":{"start":{"line":1,"column":19},"end":{"line":5,"column":3}},"1":{"start":{"line":7,"column":11},"end":{"line":9,"column":2}},"2":{"start":{"line":8,"column":2},"end":{"line":8,"column":29}}},"fnMap":{"0":{"name":"(anonymous_0)","decl":{"start":{"line":7,"column":29},"end":{"line":7,"column":30}},"loc":{"start":{"line":7,"column":44},"end":{"line":9,"column":1}},"line":7}},"branchMap":{},"s":{"0":1,"1":1,"2":4},"f":{"0":4},"b":{},"_coverageSchema":"1a1c01bbd47fc00a2c39e90264f33305004495a9","hash":"45552404307d29aabc26c36ed40d9df5ff3d4fc7"}
}
